<?xml version="1.0" encoding="UTF-8"?>
<testsuite xmlns:xsi="http://www.w3.org/2001/XMLSchema-instance" xsi:noNamespaceSchemaLocation="https://maven.apache.org/surefire/maven-surefire-plugin/xsd/surefire-test-report.xsd" name="mooc.TestPlaform" time="0.147" tests="9" errors="4" skipped="0" failures="4">
  <properties>
[...]
</properties>
  <testcase name="testAcceptNull" classname="mooc.TestPlaform" time="0.078">
    <error message="name is null" type="java.lang.IllegalArgumentException">java.lang.IllegalArgumentException: name is null
	at mooc.TestPlaform.testAcceptNull(TestPlaform.java:120)
</error>
  </testcase>
  <testcase name="testNoDuplicateRegistration" classname="mooc.TestPlaform" time="0">
    <error message="Pas encore implémenté" type="java.lang.UnsupportedOperationException">java.lang.UnsupportedOperationException: Pas encore implémenté
	at mooc.TestPlaform.testNoDuplicateRegistration(TestPlaform.java:38)
</error>
  </testcase>
  <testcase name="testCheckCourse" classname="mooc.TestPlaform" time="0">
    <failure message="Il faut un cours dispensé par l&apos;université" type="org.opentest4j.AssertionFailedError">org.opentest4j.AssertionFailedError: Il faut un cours dispensé par l'université
	at mooc.TestPlaform.testCheckCourse(TestPlaform.java:135)
</failure>
  </testcase>
  <testcase name="testCheckPerson" classname="mooc.TestPlaform" time="0.009">
    <failure message="Il faut un étudiant inscrit à l&apos;université" type="org.opentest4j.AssertionFailedError">org.opentest4j.AssertionFailedError: Il faut un étudiant inscrit à l'université
	at mooc.TestPlaform.testCheckPerson(TestPlaform.java:148)
</failure>
  </testcase>
  <testcase name="testCannotUnregister" classname="mooc.TestPlaform" time="0">
    <failure message="On ne doit pas désisncrire un étudiant qui a déjà une note" type="org.opentest4j.AssertionFailedError">org.opentest4j.AssertionFailedError: On ne doit pas désisncrire un étudiant qui a déjà une note
	at mooc.TestPlaform.testCannotUnregister(TestPlaform.java:84)
</failure>
  </testcase>
  <testcase name="testAccept" classname="mooc.TestPlaform" time="0">
    <error type="java.lang.NullPointerException">java.lang.NullPointerException
	at mooc.TestPlaform.testAccept(TestPlaform.java:108)
</error>
  </testcase>
  <testcase name="testCannotChangeMark" classname="mooc.TestPlaform" time="0">
    <failure message="On ne peut pas changer une note" type="org.opentest4j.AssertionFailedError">org.opentest4j.AssertionFailedError: On ne peut pas changer une note
	at mooc.TestPlaform.testCannotChangeMark(TestPlaform.java:98)
</failure>
  </testcase>
  <testcase name="testNoMark" classname="mooc.TestPlaform" time="0.009"/>
  <testcase name="testGiveMark" classname="mooc.TestPlaform" time="0.001">
    <error message="Pas encore implémenté" type="java.lang.UnsupportedOperationException">java.lang.UnsupportedOperationException: Pas encore implémenté
	at mooc.TestPlaform.testGiveMark(TestPlaform.java:54)
</error>
  </testcase>
</testsuite>